<?xml version="1.0" encoding="UTF-8"?>
<!-- Generated by org.testng.reporters.JUnitXMLReporter -->
<testsuite ignored="0" hostname="LAPTOP-MD6QO9VG" failures="0" tests="4" name="Command line test" time="49.998" errors="0" timestamp="25 Sept 2022 13:42:27 GMT">
  <testcase classname="actitime.testcases.HomePageTest" name="homePageLogoTest" time="7.595"/>
  <testcase classname="actitime.testcases.LogonPageTest" name="loginPageLogoTest" time="0.036"/>
  <testcase classname="actitime.testcases.HomePageTest" name="homePageTaskLinkTest" time="10.162"/>
  <testcase classname="actitime.testcases.LogonPageTest" name="LoginTest" time="0.0">
    <skipped/>
  </testcase> <!-- LoginTest -->
</testsuite> <!-- Command line test -->
